<?xml version="1.0" encoding="UTF-8"?>
<testsuite name="com.example.project.CalculatorTest" tests="10" skipped="0" failures="0" errors="0" timestamp="2024-09-26T15:58:21" hostname="codespaces-9e2c79" time="0.19">
  <properties/>
  <testcase name="testDivisibleByFalse()" classname="com.example.project.CalculatorTest" time="0.037"/>
  <testcase name="testInfo()" classname="com.example.project.CalculatorTest" time="0.035"/>
  <testcase name="testDivisibleByTrue()" classname="com.example.project.CalculatorTest" time="0.009"/>
  <testcase name="testCoordinatePair()" classname="com.example.project.CalculatorTest" time="0.034"/>
  <testcase name="testPerformOperationMultiplication()" classname="com.example.project.CalculatorTest" time="0.001"/>
  <testcase name="testPerformOperationNone()" classname="com.example.project.CalculatorTest" time="0.004"/>
  <testcase name="testPerformOperationAddition()" classname="com.example.project.CalculatorTest" time="0.001"/>
  <testcase name="testPerformOperationSubtraction()" classname="com.example.project.CalculatorTest" time="0.001"/>
  <testcase name="testAbsoluteValue()" classname="com.example.project.CalculatorTest" time="0.004"/>
  <testcase name="testPerformOperationDivision()" classname="com.example.project.CalculatorTest" time="0.007"/>
  <system-out><![CDATA[]]></system-out>
  <system-err><![CDATA[]]></system-err>
</testsuite>
